<?xml version="1.0" encoding="UTF-8"?>
<!-- Generated by org.testng.reporters.JUnitReportReporter -->
<testsuite hostname="DESKTOP-CK7339A" failures="0" tests="1" name="Cucumber.TestNGTestRunner" time="3.251" errors="0" timestamp="2023-12-29T13:57:56 IST" skipped="0">
  <testcase classname="Cucumber.TestNGTestRunner" name="runScenario" time="3.251"/>
</testsuite> <!-- Cucumber.TestNGTestRunner -->
