<?xml version="1.0" encoding="UTF-8"?>
<!-- Generated by org.testng.reporters.JUnitReportReporter -->
<testsuite hostname="DESKTOP-CK7339A" failures="0" tests="1" name="Myproject.Test.ErrorValidation" time="4.497" errors="0" timestamp="2023-10-31T11:24:21 IST" skipped="0">
  <testcase classname="Myproject.Test.ErrorValidation" name="submitOrder" time="4.497"/>
</testsuite> <!-- Myproject.Test.ErrorValidation -->
