<?xml version="1.0" encoding="UTF-8"?>
<!-- Generated by org.testng.reporters.JUnitReportReporter -->
<testsuite hostname="DESKTOP-CK7339A" failures="0" tests="3" name="Myproject.Test.submitOrderTest" time="73.181" errors="0" timestamp="2023-12-17T17:31:22 IST" skipped="0">
  <testcase classname="Myproject.Test.submitOrderTest" name="submitOrder" time="55.771"/>
  <testcase classname="Myproject.Test.submitOrderTest" name="OrderHistoryTest" time="6.366"/>
  <testcase classname="Myproject.Test.submitOrderTest" name="submitOrder" time="11.044"/>
</testsuite> <!-- Myproject.Test.submitOrderTest -->
