<?xml version="1.0" encoding="UTF-8"?>
<!-- Generated by org.testng.reporters.JUnitReportReporter -->
<testsuite hostname="DESKTOP-CK7339A" failures="0" tests="3" name="Myproject.Test.submitOrderTest" time="17.268" errors="0" timestamp="2023-12-31T12:09:39 IST" skipped="0">
  <testcase classname="Myproject.Test.submitOrderTest" name="submitOrder" time="7.797"/>
  <testcase classname="Myproject.Test.submitOrderTest" name="submitOrder" time="5.893"/>
  <testcase classname="Myproject.Test.submitOrderTest" name="OrderHistoryTest" time="3.578"/>
</testsuite> <!-- Myproject.Test.submitOrderTest -->
