<?xml version="1.0" encoding="UTF-8"?>
<!-- Generated by org.testng.reporters.JUnitReportReporter -->
<testsuite hostname="DESKTOP-CK7339A" failures="0" tests="1" name="Myproject.Test.ErrorValidationTest" time="7.214" errors="0" timestamp="2023-12-31T12:09:39 IST" skipped="0">
  <testcase classname="Myproject.Test.ErrorValidationTest" name="loginErrorValidation" time="7.214"/>
</testsuite> <!-- Myproject.Test.ErrorValidationTest -->
